<?xml version="1.0" encoding="UTF-8"?>
<testsuite xmlns:xsi="http://www.w3.org/2001/XMLSchema-instance" xsi:noNamespaceSchemaLocation="https://maven.apache.org/surefire/maven-surefire-plugin/xsd/surefire-test-report.xsd" version="3.0.2" name="com.assetflow.notification.AssetflowNotificationServiceApplicationTests" time="19.51" tests="1" errors="0" skipped="0" failures="0" flakes="0">
  <properties>
[...]
</properties>
  <testcase name="contextLoads" classname="com.assetflow.notification.AssetflowNotificationServiceApplicationTests" time="2.164">
    <system-out><![CDATA[18:10:22.660 [main] INFO org.springframework.test.context.support.AnnotationConfigContextLoaderUtils -- Could not detect default configuration classes for test class [com.assetflow.notification.AssetflowNotificationServiceApplicationTests]: AssetflowNotificationServiceApplicationTests does not declare any static, non-private, non-final, nested classes annotated with @Configuration.
18:10:23.134 [main] INFO org.springframework.boot.test.context.SpringBootTestContextBootstrapper -- Found @SpringBootConfiguration com.assetflow.notification.AssetflowNotificationServiceApplication for test class com.assetflow.notification.AssetflowNotificationServiceApplicationTests
18:10:23.412 [main] INFO org.springframework.test.context.support.AnnotationConfigContextLoaderUtils -- Could not detect default configuration classes for test class [com.assetflow.notification.AssetflowNotificationServiceApplicationTests]: AssetflowNotificationServiceApplicationTests does not declare any static, non-private, non-final, nested classes annotated with @Configuration.
18:10:23.416 [main] INFO org.springframework.boot.test.context.SpringBootTestContextBootstrapper -- Found @SpringBootConfiguration com.assetflow.notification.AssetflowNotificationServiceApplication for test class com.assetflow.notification.AssetflowNotificationServiceApplicationTests

  .   ____          _            __ _ _
 /\\ / ___'_ __ _ _(_)_ __  __ _ \ \ \ \
( ( )\___ | '_ | '_| | '_ \/ _` | \ \ \ \
 \\/  ___)| |_)| | | | | || (_| |  ) ) ) )
  '  |____| .__|_| |_|_| |_\__, | / / / /
 =========|_|==============|___/=/_/_/_/

 :: Spring Boot ::                (v4.0.7)

2026-08-02T18:10:26.409+05:30  INFO 13884 --- [assetflow-notification-service] [           main] tflowNotificationServiceApplicationTests : Starting AssetflowNotificationServiceApplicationTests using Java 21.0.10 with PID 13884 (started by Pushkar Chaudhari in C:\Users\Pushkar Chaudhari\Desktop\Enterprise-Asset-Management-System\backend\assetflow-notification-service)
2026-08-02T18:10:26.414+05:30  INFO 13884 --- [assetflow-notification-service] [           main] tflowNotificationServiceApplicationTests : No active profile set, falling back to 1 default profile: "default"
2026-08-02T18:10:30.119+05:30  INFO 13884 --- [assetflow-notification-service] [           main] o.s.cloud.context.scope.GenericScope     : BeanFactory id=d4f2609a-d3b0-3297-908c-63f346d4d5fb
2026-08-02T18:10:32.599+05:30  INFO 13884 --- [assetflow-notification-service] [           main] r$InitializeUserDetailsManagerConfigurer : Global AuthenticationManager configured with UserDetailsService bean with name userDetailsService
2026-08-02T18:10:35.923+05:30  INFO 13884 --- [assetflow-notification-service] [           main] o.s.cloud.commons.util.InetUtils         : Cannot determine local hostname
2026-08-02T18:10:37.101+05:30  INFO 13884 --- [assetflow-notification-service] [           main] o.s.cloud.commons.util.InetUtils         : Cannot determine local hostname
2026-08-02T18:10:37.185+05:30  INFO 13884 --- [assetflow-notification-service] [           main] DiscoveryClientOptionalArgsConfiguration : Eureka HTTP Client uses RestClient.
2026-08-02T18:10:37.327+05:30  WARN 13884 --- [assetflow-notification-service] [           main] iguration$LoadBalancerCaffeineWarnLogger : Spring Cloud LoadBalancer is currently working with the default cache. While this cache implementation is useful for development and tests, it's recommended to use Caffeine cache in production.You can switch to using Caffeine cache, by adding it and org.springframework.cache.caffeine.CaffeineCacheManager to the classpath.
2026-08-02T18:10:37.432+05:30  INFO 13884 --- [assetflow-notification-service] [           main] o.s.c.n.eureka.InstanceInfoFactory       : Setting initial instance status as: STARTING
2026-08-02T18:10:37.557+05:30  INFO 13884 --- [assetflow-notification-service] [           main] com.netflix.discovery.DiscoveryClient    : Initializing Eureka in region us-east-1
2026-08-02T18:10:37.606+05:30  INFO 13884 --- [assetflow-notification-service] [           main] c.n.d.s.r.aws.ConfigClusterResolver      : Resolving eureka endpoints via configuration
2026-08-02T18:10:37.724+05:30  INFO 13884 --- [assetflow-notification-service] [           main] com.netflix.discovery.DiscoveryClient    : Disable delta property : false
2026-08-02T18:10:37.725+05:30  INFO 13884 --- [assetflow-notification-service] [           main] com.netflix.discovery.DiscoveryClient    : Single vip registry refresh property : null
2026-08-02T18:10:37.725+05:30  INFO 13884 --- [assetflow-notification-service] [           main] com.netflix.discovery.DiscoveryClient    : Force full registry fetch : false
2026-08-02T18:10:37.725+05:30  INFO 13884 --- [assetflow-notification-service] [           main] com.netflix.discovery.DiscoveryClient    : Application is null : false
2026-08-02T18:10:37.726+05:30  INFO 13884 --- [assetflow-notification-service] [           main] com.netflix.discovery.DiscoveryClient    : Registered Applications size is zero : true
2026-08-02T18:10:37.726+05:30  INFO 13884 --- [assetflow-notification-service] [           main] com.netflix.discovery.DiscoveryClient    : Application version is -1: true
2026-08-02T18:10:37.726+05:30  INFO 13884 --- [assetflow-notification-service] [           main] com.netflix.discovery.DiscoveryClient    : Getting all instance registry info from the eureka server
2026-08-02T18:10:39.115+05:30  INFO 13884 --- [assetflow-notification-service] [           main] com.netflix.discovery.DiscoveryClient    : The response status is 200
2026-08-02T18:10:39.121+05:30  INFO 13884 --- [assetflow-notification-service] [           main] com.netflix.discovery.DiscoveryClient    : Starting heartbeat executor: renew interval is: 30
2026-08-02T18:10:39.128+05:30  INFO 13884 --- [assetflow-notification-service] [           main] c.n.discovery.InstanceInfoReplicator     : InstanceInfoReplicator onDemand update allowed rate per min is 4
2026-08-02T18:10:39.135+05:30  INFO 13884 --- [assetflow-notification-service] [           main] com.netflix.discovery.DiscoveryClient    : Discovery Client initialized at timestamp 1785674439133 with initial instances count: 5
2026-08-02T18:10:39.146+05:30  INFO 13884 --- [assetflow-notification-service] [           main] o.s.c.n.e.s.EurekaServiceRegistry        : Registering application ASSETFLOW-NOTIFICATION-SERVICE with eureka with status UP
2026-08-02T18:10:39.148+05:30  INFO 13884 --- [assetflow-notification-service] [           main] com.netflix.discovery.DiscoveryClient    : Saw local status change event StatusChangeEvent [timestamp=1785674439148, current=UP, previous=STARTING]
2026-08-02T18:10:39.157+05:30  INFO 13884 --- [assetflow-notification-service] [foReplicator-%d] com.netflix.discovery.DiscoveryClient    : DiscoveryClient_ASSETFLOW-NOTIFICATION-SERVICE/localhost:assetflow-notification-service:8084: registering service...
2026-08-02T18:10:39.175+05:30  INFO 13884 --- [assetflow-notification-service] [           main] tflowNotificationServiceApplicationTests : Started AssetflowNotificationServiceApplicationTests in 14.962 seconds (process running for 20.016)
2026-08-02T18:10:39.351+05:30  INFO 13884 --- [assetflow-notification-service] [foReplicator-%d] com.netflix.discovery.DiscoveryClient    : DiscoveryClient_ASSETFLOW-NOTIFICATION-SERVICE/localhost:assetflow-notification-service:8084 - registration status: 204
]]></system-out>
    <system-err><![CDATA[Mockito is currently self-attaching to enable the inline-mock-maker. This will no longer work in future releases of the JDK. Please add Mockito as an agent to your build as described in Mockito's documentation: https://javadoc.io/doc/org.mockito/mockito-core/latest/org.mockito/org/mockito/Mockito.html#0.3
WARNING: A Java agent has been loaded dynamically (C:\Users\Pushkar Chaudhari\.m2\repository\net\bytebuddy\byte-buddy-agent\1.17.8\byte-buddy-agent-1.17.8.jar)
WARNING: If a serviceability tool is in use, please run with -XX:+EnableDynamicAgentLoading to hide this warning
WARNING: If a serviceability tool is not in use, please run with -Djdk.instrument.traceUsage for more information
WARNING: Dynamic loading of agents will be disallowed by default in a future release
]]></system-err>
  </testcase>
</testsuite>